21:02:49.667  INFO  manager.ApplicationManager - All tests start in  ChromeDriver
21:02:58.207  INFO  manager.ApplicationManager - The current url is --->https://ilcarro-1578153671498.web.app/search
21:02:58.265  INFO  TestBase - Start Method with name --->loginSuccess
21:02:58.269  INFO  manager.ListenerWD - Before Find Elements By -->By.xpath: //a[text()=' Logout ']
21:03:03.355  INFO  manager.ListenerWD - After Find Elements By -->By.xpath: //a[text()=' Logout ']
21:03:03.355  INFO  manager.ListenerWD - List size is -->0
21:03:03.359  INFO  TestBase - Login scenario success was used data email: noa@gmail.com & password: Nnoa12345$
21:03:03.359  INFO  manager.ListenerWD - Before Find Element By -->By.cssSelector: a[href ^='/login']
21:03:03.443  INFO  manager.ListenerWD - After Find Element By -->By.cssSelector: a[href ^='/login']
21:03:03.844  INFO  manager.ListenerWD - Before Find Element By -->By.id: email
21:03:03.951  INFO  manager.ListenerWD - After Find Element By -->By.id: email
21:03:04.618  INFO  manager.ListenerWD - Before Find Element By -->By.id: password
21:03:04.685  INFO  manager.ListenerWD - After Find Element By -->By.id: password
21:03:05.678  INFO  manager.ListenerWD - Before Find Element By -->By.cssSelector: button[type='submit']
21:03:05.892  INFO  manager.ListenerWD - After Find Element By -->By.cssSelector: button[type='submit']
21:03:06.066  INFO  manager.ListenerWD - Before Find Element By -->By.cssSelector: button[type='submit']
21:03:06.166  INFO  manager.ListenerWD - After Find Element By -->By.cssSelector: button[type='submit']
21:03:08.646  INFO  manager.ListenerWD - Before Find Element By -->By.cssSelector: div.dialog-container
21:03:08.773  INFO  manager.ListenerWD - After Find Element By -->By.cssSelector: div.dialog-container
21:03:08.827  INFO  manager.ListenerWD - Before Find Element By -->By.cssSelector: h2.message
21:03:08.988  INFO  manager.ListenerWD - After Find Element By -->By.cssSelector: h2.message
21:03:09.099  INFO  TestBase - In assert checked message 'Logged in success' in dialog  
21:03:09.114  INFO  manager.ListenerWD - Before Find Elements By -->By.xpath: //button[text()='Ok']
21:03:09.175  INFO  manager.ListenerWD - After Find Elements By -->By.xpath: //button[text()='Ok']
21:03:09.175  INFO  manager.ListenerWD - List size is -->1
21:03:09.175  INFO  manager.ListenerWD - Before Find Element By -->By.xpath: //button[text()='Ok']
21:03:09.260  INFO  manager.ListenerWD - After Find Element By -->By.xpath: //button[text()='Ok']
21:03:09.388  INFO  manager.HelperBase - Click OK button was needed
21:03:09.394  INFO  TestBase - Start Method with name --->loginSuccess
21:03:09.394  INFO  manager.ListenerWD - Before Find Elements By -->By.xpath: //a[text()=' Logout ']
21:03:09.450  INFO  manager.ListenerWD - After Find Elements By -->By.xpath: //a[text()=' Logout ']
21:03:09.450  INFO  manager.ListenerWD - List size is -->1
21:03:09.451  INFO  manager.ListenerWD - Before Find Element By -->By.xpath: //a[text()=' Logout ']
21:03:09.587  INFO  manager.ListenerWD - After Find Element By -->By.xpath: //a[text()=' Logout ']
21:03:09.743  INFO  TestBase - The logout was needed 
21:03:09.752  INFO  TestBase - Login scenario success was used data email: sonya@gmail.com & password: Ss12345$
21:03:09.770  INFO  manager.ListenerWD - Before Find Element By -->By.cssSelector: a[href ^='/login']
21:03:09.803  INFO  manager.ListenerWD - After Find Element By -->By.cssSelector: a[href ^='/login']
21:03:09.913  INFO  manager.ListenerWD - Before Find Element By -->By.id: email
21:03:09.939  INFO  manager.ListenerWD - After Find Element By -->By.id: email
21:03:10.129  INFO  manager.ListenerWD - Before Find Element By -->By.id: password
21:03:10.239  INFO  manager.ListenerWD - After Find Element By -->By.id: password
21:03:10.912  INFO  manager.ListenerWD - Before Find Element By -->By.cssSelector: button[type='submit']
21:03:10.998  INFO  manager.ListenerWD - After Find Element By -->By.cssSelector: button[type='submit']
21:03:11.214  INFO  manager.ListenerWD - Before Find Element By -->By.cssSelector: button[type='submit']
21:03:11.242  INFO  manager.ListenerWD - After Find Element By -->By.cssSelector: button[type='submit']
21:03:11.367  INFO  manager.ListenerWD - Before Find Element By -->By.cssSelector: div.dialog-container
21:03:12.045  INFO  manager.ListenerWD - After Find Element By -->By.cssSelector: div.dialog-container
21:03:12.086  INFO  manager.ListenerWD - Before Find Element By -->By.cssSelector: h2.message
21:03:12.106  INFO  manager.ListenerWD - After Find Element By -->By.cssSelector: h2.message
21:03:12.125  INFO  TestBase - In assert checked message 'Logged in success' in dialog  
21:03:12.129  INFO  manager.ListenerWD - Before Find Elements By -->By.xpath: //button[text()='Ok']
21:03:12.163  INFO  manager.ListenerWD - After Find Elements By -->By.xpath: //button[text()='Ok']
21:03:12.164  INFO  manager.ListenerWD - List size is -->1
21:03:12.164  INFO  manager.ListenerWD - Before Find Element By -->By.xpath: //button[text()='Ok']
21:03:12.198  INFO  manager.ListenerWD - After Find Element By -->By.xpath: //button[text()='Ok']
21:03:12.271  INFO  manager.HelperBase - Click OK button was needed
21:03:12.272  INFO  TestBase - Start Method with name --->loginSuccess
21:03:12.273  INFO  manager.ListenerWD - Before Find Elements By -->By.xpath: //a[text()=' Logout ']
21:03:12.305  INFO  manager.ListenerWD - After Find Elements By -->By.xpath: //a[text()=' Logout ']
21:03:12.305  INFO  manager.ListenerWD - List size is -->1
21:03:12.305  INFO  manager.ListenerWD - Before Find Element By -->By.xpath: //a[text()=' Logout ']
21:03:12.346  INFO  manager.ListenerWD - After Find Element By -->By.xpath: //a[text()=' Logout ']
21:03:12.508  INFO  TestBase - The logout was needed 
21:03:12.525  INFO  TestBase - Login scenario success was used data email: noa@gmail.com & password: Nnoa12345$
21:03:12.526  INFO  manager.ListenerWD - Before Find Element By -->By.cssSelector: a[href ^='/login']
21:03:12.547  INFO  manager.ListenerWD - After Find Element By -->By.cssSelector: a[href ^='/login']
21:03:12.618  INFO  manager.ListenerWD - Before Find Element By -->By.id: email
21:03:12.640  INFO  manager.ListenerWD - After Find Element By -->By.id: email
21:03:12.776  INFO  manager.ListenerWD - Before Find Element By -->By.id: password
21:03:12.828  INFO  manager.ListenerWD - After Find Element By -->By.id: password
21:03:13.473  INFO  manager.ListenerWD - Before Find Element By -->By.cssSelector: button[type='submit']
21:03:13.538  INFO  manager.ListenerWD - After Find Element By -->By.cssSelector: button[type='submit']
21:03:13.574  INFO  manager.ListenerWD - Before Find Element By -->By.cssSelector: button[type='submit']
21:03:13.595  INFO  manager.ListenerWD - After Find Element By -->By.cssSelector: button[type='submit']
21:03:13.660  INFO  manager.ListenerWD - Before Find Element By -->By.cssSelector: div.dialog-container
21:03:14.833  INFO  manager.ListenerWD - After Find Element By -->By.cssSelector: div.dialog-container
21:03:14.867  INFO  manager.ListenerWD - Before Find Element By -->By.cssSelector: h2.message
21:03:14.937  INFO  manager.ListenerWD - After Find Element By -->By.cssSelector: h2.message
21:03:15.027  INFO  TestBase - In assert checked message 'Logged in success' in dialog  
21:03:15.032  INFO  manager.ListenerWD - Before Find Elements By -->By.xpath: //button[text()='Ok']
21:03:15.081  INFO  manager.ListenerWD - After Find Elements By -->By.xpath: //button[text()='Ok']
21:03:15.081  INFO  manager.ListenerWD - List size is -->1
21:03:15.081  INFO  manager.ListenerWD - Before Find Element By -->By.xpath: //button[text()='Ok']
21:03:15.106  INFO  manager.ListenerWD - After Find Element By -->By.xpath: //button[text()='Ok']
21:03:15.194  INFO  manager.HelperBase - Click OK button was needed
