21:00:53.654  INFO  manager.ApplicationManager - All tests start in  ChromeDriver
21:01:08.237  INFO  manager.ApplicationManager - The current url is --->https://ilcarro-1578153671498.web.app/search
21:01:08.281  INFO  TestBase - Start Method with name --->searchNextMonthSuccess
21:01:08.285  INFO  manager.ListenerWD - Before Find Element By -->By.cssSelector: .header a.logo
21:01:08.428  INFO  manager.ListenerWD - After Find Element By -->By.cssSelector: .header a.logo
21:01:09.140  INFO  manager.ListenerWD - Before Find Element By -->By.id: city
21:01:09.253  INFO  manager.ListenerWD - After Find Element By -->By.id: city
21:01:15.436  INFO  manager.ListenerWD - Before Find Element By -->By.cssSelector: div.pac-item
21:01:15.533  INFO  manager.ListenerWD - After Find Element By -->By.cssSelector: div.pac-item
21:01:16.188  INFO  manager.ListenerWD - Before Find Element By -->By.id: dates
21:01:16.341  INFO  manager.ListenerWD - After Find Element By -->By.id: dates
21:01:16.342  INFO  manager.HelperBase - OS is --->Mac OS X
21:01:16.904  INFO  manager.ListenerWD - Before Find Element By -->By.id: dates
21:01:16.998  INFO  manager.ListenerWD - After Find Element By -->By.id: dates
21:01:17.909  INFO  manager.ListenerWD - Before Find Element By -->By.cssSelector: button[aria-label='Next month']
21:01:18.038  INFO  manager.ListenerWD - After Find Element By -->By.cssSelector: button[aria-label='Next month']
21:01:18.303  INFO  manager.ListenerWD - Before Find Element By -->By.xpath: //div[text()=' 25 ']
21:01:18.453  INFO  manager.ListenerWD - After Find Element By -->By.xpath: //div[text()=' 25 ']
21:01:19.408  INFO  manager.ListenerWD - Before Find Element By -->By.xpath: //div[text()=' 30 ']
21:01:19.627  INFO  manager.ListenerWD - After Find Element By -->By.xpath: //div[text()=' 30 ']
21:01:20.107  INFO  manager.ListenerWD - Before Find Element By -->By.cssSelector: button[type='submit']
21:01:20.173  INFO  manager.ListenerWD - After Find Element By -->By.cssSelector: button[type='submit']
21:01:20.265  INFO  manager.ListenerWD - Before Find Element By -->By.cssSelector: button[type='submit']
21:01:20.315  INFO  manager.ListenerWD - After Find Element By -->By.cssSelector: button[type='submit']
21:01:21.029  INFO  manager.ListenerWD - Before Find Elements By -->By.cssSelector: a.car-container
21:01:22.943  INFO  manager.ListenerWD - After Find Elements By -->By.cssSelector: a.car-container
21:01:22.944  INFO  manager.ListenerWD - List size is -->10
